2020-08-07 08:14:02,686 INFO notifyConnectTimeout:200

2020-08-07 08:14:02,692 INFO notifySocketTimeout:8000

2020-08-07 08:14:02,692 INFO isHealthCheck:true

2020-08-07 08:14:02,693 INFO maxHealthCheckFailCount:12

2020-08-07 08:14:02,693 INFO maxContent:10485760

2020-08-07 08:14:03,647 INFO Schema 'NACOS' already exists.

2020-08-07 08:14:03,703 INFO Table/View 'CONFIG_INFO' already exists in Schema 'NACOS'.

2020-08-07 08:14:03,757 INFO Table/View 'HIS_CONFIG_INFO' already exists in Schema 'NACOS'.

2020-08-07 08:14:03,782 INFO Table/View 'CONFIG_INFO_BETA' already exists in Schema 'NACOS'.

2020-08-07 08:14:03,793 INFO Table/View 'CONFIG_INFO_TAG' already exists in Schema 'NACOS'.

2020-08-07 08:14:03,803 INFO Table/View 'CONFIG_INFO_AGGR' already exists in Schema 'NACOS'.

2020-08-07 08:14:03,816 INFO Table/View 'APP_LIST' already exists in Schema 'NACOS'.

2020-08-07 08:14:03,826 INFO Table/View 'APP_CONFIGDATA_RELATION_SUBS' already exists in Schema 'NACOS'.

2020-08-07 08:14:03,838 INFO Table/View 'APP_CONFIGDATA_RELATION_PUBS' already exists in Schema 'NACOS'.

2020-08-07 08:14:03,848 INFO Table/View 'CONFIG_TAGS_RELATION' already exists in Schema 'NACOS'.

2020-08-07 08:14:03,861 INFO Table/View 'GROUP_CAPACITY' already exists in Schema 'NACOS'.

2020-08-07 08:14:03,872 INFO Table/View 'TENANT_CAPACITY' already exists in Schema 'NACOS'.

2020-08-07 08:14:03,880 INFO Table/View 'TENANT_INFO' already exists in Schema 'NACOS'.

2020-08-07 08:14:03,897 INFO Table/View 'USERS' already exists in Schema 'NACOS'.

2020-08-07 08:14:03,905 INFO Table/View 'ROLES' already exists in Schema 'NACOS'.

2020-08-07 08:14:03,919 INFO Table/View 'PERMISSIONS' already exists in Schema 'NACOS'.

2020-08-07 08:14:04,003 INFO The statement was aborted because it would have caused a duplicate key value in a unique or primary key constraint or unique index identified by 'SQL200806135450530' defined on 'USERS'.

2020-08-07 08:14:04,011 INFO The statement was aborted because it would have caused a duplicate key value in a unique or primary key constraint or unique index identified by 'UK_USERNAME_ROLE' defined on 'ROLES'.

2020-08-07 08:14:05,867 INFO ServerListService address-server port:8080

2020-08-07 08:14:05,867 INFO ADDRESS_SERVER_URL:http://jmenv.tbsite.net:8080/nacos/serverlist

2020-08-07 08:14:05,870 WARN [serverlist] updated to [192.168.77.1:8848]

2020-08-07 08:14:06,010 WARN DumpService start

2020-08-07 08:14:06,013 INFO start clear all config-info.

2020-08-07 08:14:06,019 WARN clear all config-info failed.

2020-08-07 08:14:06,019 WARN clear all config-info-tenant failed.

2020-08-07 08:14:06,099 INFO start clear all config-info-beta.

2020-08-07 08:14:06,099 WARN clear all config-info-beta failed.

2020-08-07 08:14:06,100 WARN clear all config-info-beta-tenant failed.

2020-08-07 08:14:06,110 INFO start clear all config-info-tag.

2020-08-07 08:14:06,111 WARN clear all config-info-tag failed.

2020-08-07 08:14:06,111 WARN clear all config-info-tag-tenant failed.

