2020-08-07 08:13:57,750 INFO Starting Nacos v1.2.0 on DESKTOP-FU7P8E6 with PID 22716 (D:\Program Files\gulimall\resource\安装包\nacos\target\nacos-server.jar started by Jerry in D:\Program Files\gulimall\resource\安装包\nacos\bin)

2020-08-07 08:13:57,756 INFO The following profiles are active: standalone

2020-08-07 08:14:00,731 INFO Bean 'org.springframework.security.config.annotation.configuration.ObjectPostProcessorConfiguration' of type [org.springframework.security.config.annotation.configuration.ObjectPostProcessorConfiguration$$EnhancerBySpringCGLIB$$360fc032] is not eligible for getting processed by all BeanPostProcessors (for example: not eligible for auto-proxying)

2020-08-07 08:14:00,850 INFO Bean 'objectPostProcessor' of type [org.springframework.security.config.annotation.configuration.AutowireBeanFactoryObjectPostProcessor] is not eligible for getting processed by all BeanPostProcessors (for example: not eligible for auto-proxying)

2020-08-07 08:14:00,854 INFO Bean 'org.springframework.security.access.expression.method.DefaultMethodSecurityExpressionHandler@43f02ef2' of type [org.springframework.security.access.expression.method.DefaultMethodSecurityExpressionHandler] is not eligible for getting processed by all BeanPostProcessors (for example: not eligible for auto-proxying)

2020-08-07 08:14:00,855 INFO Bean 'org.springframework.security.config.annotation.method.configuration.GlobalMethodSecurityConfiguration' of type [org.springframework.security.config.annotation.method.configuration.GlobalMethodSecurityConfiguration$$EnhancerBySpringCGLIB$$5ae462e4] is not eligible for getting processed by all BeanPostProcessors (for example: not eligible for auto-proxying)

2020-08-07 08:14:00,864 INFO Bean 'methodSecurityMetadataSource' of type [org.springframework.security.access.method.DelegatingMethodSecurityMetadataSource] is not eligible for getting processed by all BeanPostProcessors (for example: not eligible for auto-proxying)

2020-08-07 08:14:02,122 INFO Tomcat initialized with port(s): 8848 (http)

2020-08-07 08:14:02,162 INFO Starting service [Tomcat]

2020-08-07 08:14:02,163 INFO Starting Servlet Engine: Apache Tomcat/9.0.13

2020-08-07 08:14:02,183 INFO The APR based Apache Tomcat Native library which allows optimal performance in production environments was not found on the java.library.path: [C:\Program Files\Java\jdk1.8.0_60\bin;C:\Windows\Sun\Java\bin;C:\Windows\system32;C:\Windows;C:\ProgramData\Oracle\Java\javapath;C:\app\Jerry\product\11.2.0\dbhome_1\bin;C:\Program Files\Java\jdk1.8.0_60\bin;"C:\Program Files\Java\jdk1.8.0_60\bin;C:\Program Files\Java\jdk1.8.0_60\jre\bin";ogram Files\nodejs\;D:\Program Files\apache-maven-3.6.2\bin;D:\Program Files\erl9.3\bin;D:\Program Files\consul;D:\Program Files\apache-jmeter-5.2.1\bin;"C:\Windows\system32;C:\Windows;C:\Windows\System32\Wbem";D:\软件安装包\Git\Git\cmd;D:\Program Files\gradle-6.0\bin;C:\Program Files\nodejs\;D:\Program Files\MongoDB\Server\4.2\bin;C:\Users\Jerry\AppData\Local\Programs\Python\Python38\Scripts\;C:\Users\Jerry\AppData\Local\Programs\Python\Python38\;C:\Program Files\MySQL\MySQL Server 5.5\bin;D:\软件安装包\WebStorm\WebStorm 2019.1.3\bin;;D:\Program Files\JetBrains\IntelliJ IDEA 2019.3.5\bin;;D:\软件安装包\VSCodeUserSetup\Microsoft VS Code\bin;C:\Users\Jerry\AppData\Roaming\npm;;.]

2020-08-07 08:14:02,319 INFO Initializing Spring embedded WebApplicationContext

2020-08-07 08:14:02,319 INFO Root WebApplicationContext: initialization completed in 4418 ms

2020-08-07 08:14:05,101 INFO Reflections took 54 ms to scan 1 urls, producing 6 keys and 24 values 

2020-08-07 08:14:05,159 INFO Reflections took 4 ms to scan 1 urls, producing 2 keys and 12 values 

2020-08-07 08:14:05,168 INFO Reflections took 5 ms to scan 1 urls, producing 3 keys and 15 values 

2020-08-07 08:14:06,153 INFO Use Mysql as the driver

2020-08-07 08:14:06,830 INFO Initializing ExecutorService 'applicationTaskExecutor'

2020-08-07 08:14:07,138 INFO Adding welcome page: class path resource [static/index.html]

2020-08-07 08:14:07,608 INFO Creating filter chain: Ant [pattern='/**'], []

2020-08-07 08:14:07,665 INFO Creating filter chain: any request, [org.springframework.security.web.context.request.async.WebAsyncManagerIntegrationFilter@7a527389, org.springframework.security.web.context.SecurityContextPersistenceFilter@3c435123, org.springframework.security.web.header.HeaderWriterFilter@73db4768, org.springframework.security.web.csrf.CsrfFilter@53f48368, org.springframework.security.web.authentication.logout.LogoutFilter@5357c287, org.springframework.security.web.savedrequest.RequestCacheAwareFilter@3a62c01e, org.springframework.security.web.servletapi.SecurityContextHolderAwareRequestFilter@78a287ed, org.springframework.security.web.authentication.AnonymousAuthenticationFilter@485a3466, org.springframework.security.web.session.SessionManagementFilter@a8c1f44, org.springframework.security.web.access.ExceptionTranslationFilter@f0e995e]

2020-08-07 08:14:07,837 INFO Exposing 2 endpoint(s) beneath base path '/actuator'

2020-08-07 08:14:07,885 INFO Initializing ExecutorService 'taskScheduler'

2020-08-07 08:14:08,041 INFO Tomcat started on port(s): 8848 (http) with context path '/nacos'

2020-08-07 08:14:08,049 INFO Started Nacos in 12.061 seconds (JVM running for 13.102)

2020-08-07 08:14:08,050 INFO Nacos logs files: D:\Program Files\gulimall\resource\安装包\nacos\logs\

2020-08-07 08:14:08,051 INFO Nacos conf files: D:\Program Files\gulimall\resource\安装包\nacos\conf\

2020-08-07 08:14:08,051 INFO Nacos data files: D:\Program Files\gulimall\resource\安装包\nacos\data\

2020-08-07 08:14:08,053 INFO Nacos started successfully in stand alone mode.

2020-08-07 08:14:08,122 INFO Initializing Spring DispatcherServlet 'dispatcherServlet'

2020-08-07 08:14:08,123 INFO Initializing Servlet 'dispatcherServlet'

2020-08-07 08:14:08,142 INFO Completed initialization in 17 ms

2020-08-07 08:24:05,955 INFO [capacityManagement] start correct usage

2020-08-07 08:24:05,975 INFO [capacityManagement] end correct usage, cost: 0s

2020-08-07 08:24:06,143 WARN clearConfigHistory start

2020-08-07 08:34:05,977 INFO [capacityManagement] start correct usage

2020-08-07 08:34:05,977 INFO [capacityManagement] end correct usage, cost: 0s

2020-08-07 08:34:06,155 WARN clearConfigHistory start

2020-08-07 08:44:05,977 INFO [capacityManagement] start correct usage

2020-08-07 08:44:05,977 INFO [capacityManagement] end correct usage, cost: 0s

2020-08-07 08:44:06,158 WARN clearConfigHistory start

2020-08-07 08:54:05,979 INFO [capacityManagement] start correct usage

2020-08-07 08:54:05,981 INFO [capacityManagement] end correct usage, cost: 0s

2020-08-07 08:54:06,159 WARN clearConfigHistory start

2020-08-07 09:04:05,984 INFO [capacityManagement] start correct usage

2020-08-07 09:04:05,984 INFO [capacityManagement] end correct usage, cost: 0s

2020-08-07 09:04:06,164 WARN clearConfigHistory start

2020-08-07 09:14:05,985 INFO [capacityManagement] start correct usage

2020-08-07 09:14:05,986 INFO [capacityManagement] end correct usage, cost: 0s

2020-08-07 09:14:06,168 WARN clearConfigHistory start

2020-08-07 09:24:05,987 INFO [capacityManagement] start correct usage

2020-08-07 09:24:05,987 INFO [capacityManagement] end correct usage, cost: 0s

2020-08-07 09:24:06,171 WARN clearConfigHistory start

2020-08-07 09:34:05,989 INFO [capacityManagement] start correct usage

2020-08-07 09:34:05,989 INFO [capacityManagement] end correct usage, cost: 0s

2020-08-07 09:34:06,175 WARN clearConfigHistory start

2020-08-07 09:44:05,991 INFO [capacityManagement] start correct usage

2020-08-07 09:44:05,991 INFO [capacityManagement] end correct usage, cost: 0s

2020-08-07 09:44:06,176 WARN clearConfigHistory start

2020-08-07 09:54:05,993 INFO [capacityManagement] start correct usage

2020-08-07 09:54:05,993 INFO [capacityManagement] end correct usage, cost: 0s

2020-08-07 09:54:06,178 WARN clearConfigHistory start

2020-08-07 10:04:05,994 INFO [capacityManagement] start correct usage

2020-08-07 10:04:05,995 INFO [capacityManagement] end correct usage, cost: 0s

2020-08-07 10:04:06,180 WARN clearConfigHistory start

2020-08-07 10:14:05,997 INFO [capacityManagement] start correct usage

2020-08-07 10:14:05,997 INFO [capacityManagement] end correct usage, cost: 0s

2020-08-07 10:14:06,183 WARN clearConfigHistory start

2020-08-07 10:24:05,998 INFO [capacityManagement] start correct usage

2020-08-07 10:24:05,998 INFO [capacityManagement] end correct usage, cost: 0s

2020-08-07 10:24:06,185 WARN clearConfigHistory start

2020-08-07 10:34:06,000 INFO [capacityManagement] start correct usage

2020-08-07 10:34:06,000 INFO [capacityManagement] end correct usage, cost: 0s

2020-08-07 10:34:06,187 WARN clearConfigHistory start

2020-08-07 10:44:06,001 INFO [capacityManagement] start correct usage

2020-08-07 10:44:06,004 INFO [capacityManagement] end correct usage, cost: 0s

2020-08-07 10:44:06,188 WARN clearConfigHistory start

2020-08-07 10:54:06,006 INFO [capacityManagement] start correct usage

2020-08-07 10:54:06,007 INFO [capacityManagement] end correct usage, cost: 0s

2020-08-07 10:54:06,188 WARN clearConfigHistory start

2020-08-07 11:04:06,008 INFO [capacityManagement] start correct usage

2020-08-07 11:04:06,008 INFO [capacityManagement] end correct usage, cost: 0s

2020-08-07 11:04:06,191 WARN clearConfigHistory start

2020-08-07 11:14:06,010 INFO [capacityManagement] start correct usage

2020-08-07 11:14:06,010 INFO [capacityManagement] end correct usage, cost: 0s

2020-08-07 11:14:06,192 WARN clearConfigHistory start

2020-08-07 11:24:06,011 INFO [capacityManagement] start correct usage

2020-08-07 11:24:06,011 INFO [capacityManagement] end correct usage, cost: 0s

2020-08-07 11:24:06,194 WARN clearConfigHistory start

2020-08-07 11:34:06,012 INFO [capacityManagement] start correct usage

2020-08-07 11:34:06,012 INFO [capacityManagement] end correct usage, cost: 0s

2020-08-07 11:34:06,196 WARN clearConfigHistory start

2020-08-07 11:44:06,014 INFO [capacityManagement] start correct usage

2020-08-07 11:44:06,014 INFO [capacityManagement] end correct usage, cost: 0s

2020-08-07 11:44:06,198 WARN clearConfigHistory start

2020-08-07 11:54:06,015 INFO [capacityManagement] start correct usage

2020-08-07 11:54:06,015 INFO [capacityManagement] end correct usage, cost: 0s

2020-08-07 11:54:06,199 WARN clearConfigHistory start

2020-08-07 12:04:06,018 INFO [capacityManagement] start correct usage

2020-08-07 12:04:06,018 INFO [capacityManagement] end correct usage, cost: 0s

2020-08-07 12:04:06,200 WARN clearConfigHistory start

2020-08-07 12:14:06,019 INFO [capacityManagement] start correct usage

2020-08-07 12:14:06,020 INFO [capacityManagement] end correct usage, cost: 0s

2020-08-07 12:14:06,202 WARN clearConfigHistory start

2020-08-07 12:24:06,021 INFO [capacityManagement] start correct usage

2020-08-07 12:24:06,021 INFO [capacityManagement] end correct usage, cost: 0s

2020-08-07 12:24:06,202 WARN clearConfigHistory start

2020-08-07 12:34:06,022 INFO [capacityManagement] start correct usage

2020-08-07 12:34:06,022 INFO [capacityManagement] end correct usage, cost: 0s

2020-08-07 12:34:06,204 WARN clearConfigHistory start

2020-08-07 12:44:06,024 INFO [capacityManagement] start correct usage

2020-08-07 12:44:06,024 INFO [capacityManagement] end correct usage, cost: 0s

2020-08-07 12:44:06,206 WARN clearConfigHistory start

2020-08-07 12:54:06,027 INFO [capacityManagement] start correct usage

2020-08-07 12:54:06,027 INFO [capacityManagement] end correct usage, cost: 0s

2020-08-07 12:54:06,207 WARN clearConfigHistory start

2020-08-07 13:04:06,028 INFO [capacityManagement] start correct usage

2020-08-07 13:04:06,028 INFO [capacityManagement] end correct usage, cost: 0s

2020-08-07 13:04:06,209 WARN clearConfigHistory start

2020-08-07 13:14:06,030 INFO [capacityManagement] start correct usage

2020-08-07 13:14:06,030 INFO [capacityManagement] end correct usage, cost: 0s

2020-08-07 13:14:06,210 WARN clearConfigHistory start

2020-08-07 13:24:06,031 INFO [capacityManagement] start correct usage

2020-08-07 13:24:06,031 INFO [capacityManagement] end correct usage, cost: 0s

2020-08-07 13:24:06,211 WARN clearConfigHistory start

2020-08-07 13:34:06,033 INFO [capacityManagement] start correct usage

2020-08-07 13:34:06,033 INFO [capacityManagement] end correct usage, cost: 0s

2020-08-07 13:34:06,211 WARN clearConfigHistory start

2020-08-07 13:44:06,034 INFO [capacityManagement] start correct usage

2020-08-07 13:44:06,034 INFO [capacityManagement] end correct usage, cost: 0s

2020-08-07 13:44:06,214 WARN clearConfigHistory start

2020-08-07 13:54:06,036 INFO [capacityManagement] start correct usage

2020-08-07 13:54:06,036 INFO [capacityManagement] end correct usage, cost: 0s

2020-08-07 13:54:06,214 WARN clearConfigHistory start

2020-08-07 14:04:06,037 INFO [capacityManagement] start correct usage

2020-08-07 14:04:06,037 INFO [capacityManagement] end correct usage, cost: 0s

2020-08-07 14:04:06,217 WARN clearConfigHistory start

2020-08-07 14:14:06,039 INFO [capacityManagement] start correct usage

2020-08-07 14:14:06,039 INFO [capacityManagement] end correct usage, cost: 0s

2020-08-07 14:14:06,218 WARN clearConfigHistory start

2020-08-07 14:24:06,041 INFO [capacityManagement] start correct usage

2020-08-07 14:24:06,041 INFO [capacityManagement] end correct usage, cost: 0s

2020-08-07 14:24:06,221 WARN clearConfigHistory start

2020-08-07 14:34:06,043 INFO [capacityManagement] start correct usage

2020-08-07 14:34:06,043 INFO [capacityManagement] end correct usage, cost: 0s

2020-08-07 14:34:06,224 WARN clearConfigHistory start

2020-08-07 14:44:06,044 INFO [capacityManagement] start correct usage

2020-08-07 14:44:06,044 INFO [capacityManagement] end correct usage, cost: 0s

2020-08-07 14:44:06,226 WARN clearConfigHistory start

2020-08-07 14:54:06,045 INFO [capacityManagement] start correct usage

2020-08-07 14:54:06,045 INFO [capacityManagement] end correct usage, cost: 0s

2020-08-07 14:54:06,228 WARN clearConfigHistory start

2020-08-07 15:04:06,048 INFO [capacityManagement] start correct usage

2020-08-07 15:04:06,049 INFO [capacityManagement] end correct usage, cost: 0s

2020-08-07 15:04:06,229 WARN clearConfigHistory start

2020-08-07 15:14:06,050 INFO [capacityManagement] start correct usage

2020-08-07 15:14:06,050 INFO [capacityManagement] end correct usage, cost: 0s

2020-08-07 15:14:06,232 WARN clearConfigHistory start

2020-08-07 15:24:06,052 INFO [capacityManagement] start correct usage

2020-08-07 15:24:06,052 INFO [capacityManagement] end correct usage, cost: 0s

2020-08-07 15:24:06,233 WARN clearConfigHistory start

2020-08-07 15:34:06,053 INFO [capacityManagement] start correct usage

2020-08-07 15:34:06,053 INFO [capacityManagement] end correct usage, cost: 0s

2020-08-07 15:34:06,234 WARN clearConfigHistory start

2020-08-07 15:44:06,055 INFO [capacityManagement] start correct usage

2020-08-07 15:44:06,055 INFO [capacityManagement] end correct usage, cost: 0s

2020-08-07 15:44:06,235 WARN clearConfigHistory start

2020-08-07 15:54:06,056 INFO [capacityManagement] start correct usage

2020-08-07 15:54:06,056 INFO [capacityManagement] end correct usage, cost: 0s

2020-08-07 15:54:06,237 WARN clearConfigHistory start

2020-08-07 16:04:06,057 INFO [capacityManagement] start correct usage

2020-08-07 16:04:06,057 INFO [capacityManagement] end correct usage, cost: 0s

2020-08-07 16:04:06,238 WARN clearConfigHistory start

2020-08-07 16:14:06,058 INFO [capacityManagement] start correct usage

2020-08-07 16:14:06,058 INFO [capacityManagement] end correct usage, cost: 0s

2020-08-07 16:14:06,240 WARN clearConfigHistory start

2020-08-07 16:24:06,060 INFO [capacityManagement] start correct usage

2020-08-07 16:24:06,060 INFO [capacityManagement] end correct usage, cost: 0s

2020-08-07 16:24:06,242 WARN clearConfigHistory start

2020-08-07 16:34:06,061 INFO [capacityManagement] start correct usage

2020-08-07 16:34:06,061 INFO [capacityManagement] end correct usage, cost: 0s

2020-08-07 16:34:06,245 WARN clearConfigHistory start

2020-08-07 16:44:06,063 INFO [capacityManagement] start correct usage

2020-08-07 16:44:06,063 INFO [capacityManagement] end correct usage, cost: 0s

2020-08-07 16:44:06,246 WARN clearConfigHistory start

2020-08-07 16:54:06,065 INFO [capacityManagement] start correct usage

2020-08-07 16:54:06,065 INFO [capacityManagement] end correct usage, cost: 0s

2020-08-07 16:54:06,249 WARN clearConfigHistory start

2020-08-07 17:04:06,066 INFO [capacityManagement] start correct usage

2020-08-07 17:04:06,066 INFO [capacityManagement] end correct usage, cost: 0s

2020-08-07 17:04:06,251 WARN clearConfigHistory start

2020-08-07 17:14:06,067 INFO [capacityManagement] start correct usage

2020-08-07 17:14:06,067 INFO [capacityManagement] end correct usage, cost: 0s

2020-08-07 17:14:06,252 WARN clearConfigHistory start

2020-08-07 17:24:06,069 INFO [capacityManagement] start correct usage

2020-08-07 17:24:06,069 INFO [capacityManagement] end correct usage, cost: 0s

2020-08-07 17:24:06,253 WARN clearConfigHistory start

2020-08-07 17:34:06,070 INFO [capacityManagement] start correct usage

2020-08-07 17:34:06,073 INFO [capacityManagement] end correct usage, cost: 0s

2020-08-07 17:34:06,255 WARN clearConfigHistory start

2020-08-07 17:44:06,074 INFO [capacityManagement] start correct usage

2020-08-07 17:44:06,074 INFO [capacityManagement] end correct usage, cost: 0s

2020-08-07 17:44:06,261 WARN clearConfigHistory start

2020-08-07 17:54:06,075 INFO [capacityManagement] start correct usage

2020-08-07 17:54:06,075 INFO [capacityManagement] end correct usage, cost: 0s

2020-08-07 17:54:06,263 WARN clearConfigHistory start

2020-08-07 18:04:06,077 INFO [capacityManagement] start correct usage

2020-08-07 18:04:06,078 INFO [capacityManagement] end correct usage, cost: 0s

2020-08-07 18:04:06,264 WARN clearConfigHistory start

2020-08-07 18:14:06,079 INFO [capacityManagement] start correct usage

2020-08-07 18:14:06,079 INFO [capacityManagement] end correct usage, cost: 0s

2020-08-07 18:14:06,265 WARN clearConfigHistory start

2020-08-07 18:24:06,080 INFO [capacityManagement] start correct usage

2020-08-07 18:24:06,080 INFO [capacityManagement] end correct usage, cost: 0s

2020-08-07 18:24:06,267 WARN clearConfigHistory start

2020-08-07 18:34:06,082 INFO [capacityManagement] start correct usage

2020-08-07 18:34:06,082 INFO [capacityManagement] end correct usage, cost: 0s

2020-08-07 18:34:06,270 WARN clearConfigHistory start

2020-08-07 18:44:06,084 INFO [capacityManagement] start correct usage

2020-08-07 18:44:06,084 INFO [capacityManagement] end correct usage, cost: 0s

2020-08-07 18:44:06,270 WARN clearConfigHistory start

2020-08-07 18:54:06,085 INFO [capacityManagement] start correct usage

2020-08-07 18:54:06,085 INFO [capacityManagement] end correct usage, cost: 0s

2020-08-07 18:54:06,272 WARN clearConfigHistory start

2020-08-07 19:04:06,087 INFO [capacityManagement] start correct usage

2020-08-07 19:04:06,087 INFO [capacityManagement] end correct usage, cost: 0s

2020-08-07 19:04:06,273 WARN clearConfigHistory start

2020-08-07 19:14:06,089 INFO [capacityManagement] start correct usage

2020-08-07 19:14:06,089 INFO [capacityManagement] end correct usage, cost: 0s

2020-08-07 19:14:06,274 WARN clearConfigHistory start

2020-08-07 19:24:06,089 INFO [capacityManagement] start correct usage

2020-08-07 19:24:06,090 INFO [capacityManagement] end correct usage, cost: 0s

2020-08-07 19:24:06,275 WARN clearConfigHistory start

2020-08-07 19:34:06,091 INFO [capacityManagement] start correct usage

2020-08-07 19:34:06,091 INFO [capacityManagement] end correct usage, cost: 0s

2020-08-07 19:34:06,276 WARN clearConfigHistory start

2020-08-07 19:44:06,092 INFO [capacityManagement] start correct usage

2020-08-07 19:44:06,092 INFO [capacityManagement] end correct usage, cost: 0s

2020-08-07 19:44:06,277 WARN clearConfigHistory start

2020-08-07 19:54:06,094 INFO [capacityManagement] start correct usage

2020-08-07 19:54:06,094 INFO [capacityManagement] end correct usage, cost: 0s

2020-08-07 19:54:06,278 WARN clearConfigHistory start

2020-08-07 20:04:06,096 INFO [capacityManagement] start correct usage

2020-08-07 20:04:06,096 INFO [capacityManagement] end correct usage, cost: 0s

2020-08-07 20:04:06,280 WARN clearConfigHistory start

2020-08-07 20:14:06,097 INFO [capacityManagement] start correct usage

2020-08-07 20:14:06,097 INFO [capacityManagement] end correct usage, cost: 0s

2020-08-07 20:14:06,281 WARN clearConfigHistory start

2020-08-07 20:24:06,099 INFO [capacityManagement] start correct usage

2020-08-07 20:24:06,099 INFO [capacityManagement] end correct usage, cost: 0s

2020-08-07 20:24:06,284 WARN clearConfigHistory start

2020-08-07 20:34:06,101 INFO [capacityManagement] start correct usage

2020-08-07 20:34:06,101 INFO [capacityManagement] end correct usage, cost: 0s

2020-08-07 20:34:06,286 WARN clearConfigHistory start

2020-08-07 20:44:06,103 INFO [capacityManagement] start correct usage

2020-08-07 20:44:06,103 INFO [capacityManagement] end correct usage, cost: 0s

2020-08-07 20:44:06,287 WARN clearConfigHistory start

2020-08-07 20:54:06,104 INFO [capacityManagement] start correct usage

2020-08-07 20:54:06,106 INFO [capacityManagement] end correct usage, cost: 0s

2020-08-07 20:54:06,288 WARN clearConfigHistory start

2020-08-07 21:04:06,108 INFO [capacityManagement] start correct usage

2020-08-07 21:04:06,108 INFO [capacityManagement] end correct usage, cost: 0s

2020-08-07 21:04:06,290 WARN clearConfigHistory start

2020-08-07 21:14:06,110 INFO [capacityManagement] start correct usage

2020-08-07 21:14:06,111 INFO [capacityManagement] end correct usage, cost: 0s

2020-08-07 21:14:06,291 WARN clearConfigHistory start

2020-08-07 21:24:06,112 INFO [capacityManagement] start correct usage

2020-08-07 21:24:06,112 INFO [capacityManagement] end correct usage, cost: 0s

2020-08-07 21:24:06,292 WARN clearConfigHistory start

