2020-08-07 08:14:36,162 INFO PERFORMANCE:|4|4|-1|-1

2020-08-07 08:19:36,164 INFO PERFORMANCE:|4|4|-1|-1

2020-08-07 08:24:36,167 INFO PERFORMANCE:|4|4|-1|-1

2020-08-07 08:29:36,168 INFO PERFORMANCE:|4|4|-1|-1

2020-08-07 08:34:36,169 INFO PERFORMANCE:|4|4|-1|-1

2020-08-07 08:39:36,171 INFO PERFORMANCE:|4|4|-1|-1

2020-08-07 08:44:36,172 INFO PERFORMANCE:|4|4|-1|-1

2020-08-07 08:49:36,174 INFO PERFORMANCE:|4|4|-1|-1

2020-08-07 08:54:36,175 INFO PERFORMANCE:|4|4|-1|-1

2020-08-07 08:59:36,176 INFO PERFORMANCE:|4|4|-1|-1

2020-08-07 09:04:36,176 INFO PERFORMANCE:|4|4|-1|-1

2020-08-07 09:09:36,178 INFO PERFORMANCE:|4|4|-1|-1

2020-08-07 09:14:36,179 INFO PERFORMANCE:|4|4|-1|-1

2020-08-07 09:19:36,180 INFO PERFORMANCE:|4|4|-1|-1

2020-08-07 09:24:36,182 INFO PERFORMANCE:|4|4|-1|-1

2020-08-07 09:29:36,183 INFO PERFORMANCE:|4|4|-1|-1

2020-08-07 09:34:36,184 INFO PERFORMANCE:|4|4|-1|-1

2020-08-07 09:39:36,186 INFO PERFORMANCE:|4|4|-1|-1

2020-08-07 09:44:36,187 INFO PERFORMANCE:|4|4|-1|-1

2020-08-07 09:49:36,189 INFO PERFORMANCE:|4|4|-1|-1

2020-08-07 09:54:36,190 INFO PERFORMANCE:|4|4|-1|-1

2020-08-07 09:59:36,190 INFO PERFORMANCE:|4|4|-1|-1

2020-08-07 10:04:36,191 INFO PERFORMANCE:|4|4|-1|-1

2020-08-07 10:09:36,192 INFO PERFORMANCE:|4|4|-1|-1

2020-08-07 10:14:36,194 INFO PERFORMANCE:|4|4|-1|-1

2020-08-07 10:19:36,196 INFO PERFORMANCE:|4|4|-1|-1

2020-08-07 10:24:36,197 INFO PERFORMANCE:|4|4|-1|-1

2020-08-07 10:29:36,198 INFO PERFORMANCE:|4|4|-1|-1

2020-08-07 10:34:36,198 INFO PERFORMANCE:|4|4|-1|-1

2020-08-07 10:39:36,200 INFO PERFORMANCE:|4|4|-1|-1

2020-08-07 10:44:36,202 INFO PERFORMANCE:|4|4|-1|-1

2020-08-07 10:49:36,203 INFO PERFORMANCE:|4|4|-1|-1

2020-08-07 10:54:36,205 INFO PERFORMANCE:|4|4|-1|-1

2020-08-07 10:59:36,207 INFO PERFORMANCE:|4|4|-1|-1

2020-08-07 11:04:36,209 INFO PERFORMANCE:|4|4|-1|-1

2020-08-07 11:09:36,210 INFO PERFORMANCE:|4|4|-1|-1

2020-08-07 11:14:36,211 INFO PERFORMANCE:|4|4|-1|-1

2020-08-07 11:19:36,212 INFO PERFORMANCE:|4|4|-1|-1

2020-08-07 11:24:36,214 INFO PERFORMANCE:|4|4|-1|-1

2020-08-07 11:29:36,216 INFO PERFORMANCE:|4|4|-1|-1

2020-08-07 11:34:36,216 INFO PERFORMANCE:|4|4|-1|-1

2020-08-07 11:39:36,217 INFO PERFORMANCE:|4|4|-1|-1

2020-08-07 11:44:36,218 INFO PERFORMANCE:|4|4|-1|-1

2020-08-07 11:49:36,219 INFO PERFORMANCE:|4|4|-1|-1

2020-08-07 11:54:36,221 INFO PERFORMANCE:|4|4|-1|-1

2020-08-07 11:59:36,221 INFO PERFORMANCE:|4|4|-1|-1

2020-08-07 12:04:36,222 INFO PERFORMANCE:|4|4|-1|-1

2020-08-07 12:09:36,224 INFO PERFORMANCE:|4|4|-1|-1

2020-08-07 12:14:36,226 INFO PERFORMANCE:|4|4|-1|-1

2020-08-07 12:19:36,227 INFO PERFORMANCE:|4|4|-1|-1

2020-08-07 12:24:36,229 INFO PERFORMANCE:|4|4|-1|-1

2020-08-07 12:29:36,230 INFO PERFORMANCE:|4|4|-1|-1

2020-08-07 12:34:36,232 INFO PERFORMANCE:|4|4|-1|-1

2020-08-07 12:39:36,233 INFO PERFORMANCE:|4|4|-1|-1

2020-08-07 12:44:36,234 INFO PERFORMANCE:|4|4|-1|-1

2020-08-07 12:49:36,234 INFO PERFORMANCE:|4|4|-1|-1

2020-08-07 12:54:36,236 INFO PERFORMANCE:|4|4|-1|-1

2020-08-07 12:59:36,237 INFO PERFORMANCE:|4|4|-1|-1

2020-08-07 13:04:36,239 INFO PERFORMANCE:|4|4|-1|-1

2020-08-07 13:09:36,241 INFO PERFORMANCE:|4|4|-1|-1

2020-08-07 13:14:36,242 INFO PERFORMANCE:|4|4|-1|-1

2020-08-07 13:19:36,242 INFO PERFORMANCE:|4|4|-1|-1

2020-08-07 13:24:36,244 INFO PERFORMANCE:|4|4|-1|-1

2020-08-07 13:29:36,245 INFO PERFORMANCE:|4|4|-1|-1

2020-08-07 13:34:36,246 INFO PERFORMANCE:|4|4|-1|-1

2020-08-07 13:39:36,247 INFO PERFORMANCE:|4|4|-1|-1

2020-08-07 13:44:36,248 INFO PERFORMANCE:|4|4|-1|-1

2020-08-07 13:49:36,249 INFO PERFORMANCE:|4|4|-1|-1

2020-08-07 13:54:36,251 INFO PERFORMANCE:|4|4|-1|-1

2020-08-07 13:59:36,253 INFO PERFORMANCE:|4|4|-1|-1

2020-08-07 14:04:36,255 INFO PERFORMANCE:|4|4|-1|-1

2020-08-07 14:09:36,255 INFO PERFORMANCE:|4|4|-1|-1

2020-08-07 14:14:36,255 INFO PERFORMANCE:|4|4|-1|-1

2020-08-07 14:19:36,270 INFO PERFORMANCE:|4|4|-1|-1

2020-08-07 14:24:36,271 INFO PERFORMANCE:|4|4|-1|-1

2020-08-07 14:29:36,273 INFO PERFORMANCE:|4|4|-1|-1

2020-08-07 14:34:36,274 INFO PERFORMANCE:|4|4|-1|-1

2020-08-07 14:39:36,276 INFO PERFORMANCE:|4|4|-1|-1

2020-08-07 14:44:36,277 INFO PERFORMANCE:|4|4|-1|-1

2020-08-07 14:49:36,278 INFO PERFORMANCE:|4|4|-1|-1

2020-08-07 14:54:36,280 INFO PERFORMANCE:|4|4|-1|-1

2020-08-07 14:59:36,280 INFO PERFORMANCE:|4|4|-1|-1

2020-08-07 15:04:36,281 INFO PERFORMANCE:|4|4|-1|-1

2020-08-07 15:09:36,283 INFO PERFORMANCE:|4|4|-1|-1

2020-08-07 15:14:36,283 INFO PERFORMANCE:|4|4|-1|-1

2020-08-07 15:19:36,285 INFO PERFORMANCE:|4|4|-1|-1

2020-08-07 15:24:36,286 INFO PERFORMANCE:|4|4|-1|-1

2020-08-07 15:29:36,288 INFO PERFORMANCE:|4|4|-1|-1

2020-08-07 15:34:36,288 INFO PERFORMANCE:|4|4|-1|-1

2020-08-07 15:39:36,291 INFO PERFORMANCE:|4|4|-1|-1

2020-08-07 15:44:36,292 INFO PERFORMANCE:|4|4|-1|-1

2020-08-07 15:49:36,292 INFO PERFORMANCE:|4|4|-1|-1

2020-08-07 15:54:36,294 INFO PERFORMANCE:|4|4|-1|-1

2020-08-07 15:59:36,294 INFO PERFORMANCE:|4|4|-1|-1

2020-08-07 16:04:36,296 INFO PERFORMANCE:|4|0|-1|-1

2020-08-07 16:09:36,298 INFO PERFORMANCE:|4|0|-1|-1

2020-08-07 16:14:36,299 INFO PERFORMANCE:|4|0|-1|-1

2020-08-07 16:19:36,300 INFO PERFORMANCE:|4|4|-1|-1

2020-08-07 16:24:36,302 INFO PERFORMANCE:|4|4|-1|-1

2020-08-07 16:29:36,304 INFO PERFORMANCE:|4|4|-1|-1

2020-08-07 16:34:36,305 INFO PERFORMANCE:|4|4|-1|-1

2020-08-07 16:39:36,305 INFO PERFORMANCE:|4|4|-1|-1

2020-08-07 16:44:36,306 INFO PERFORMANCE:|4|4|-1|-1

2020-08-07 16:49:36,307 INFO PERFORMANCE:|4|4|-1|-1

2020-08-07 16:54:36,307 INFO PERFORMANCE:|4|4|-1|-1

2020-08-07 16:59:36,308 INFO PERFORMANCE:|4|0|-1|-1

2020-08-07 17:04:36,310 INFO PERFORMANCE:|4|0|-1|-1

2020-08-07 17:09:36,312 INFO PERFORMANCE:|4|0|-1|-1

2020-08-07 17:14:36,312 INFO PERFORMANCE:|4|0|-1|-1

2020-08-07 17:19:36,314 INFO PERFORMANCE:|4|0|-1|-1

2020-08-07 17:24:36,315 INFO PERFORMANCE:|4|0|-1|-1

2020-08-07 17:29:36,318 INFO PERFORMANCE:|4|0|-1|-1

2020-08-07 17:34:36,321 INFO PERFORMANCE:|4|0|-1|-1

2020-08-07 17:39:36,322 INFO PERFORMANCE:|4|0|-1|-1

2020-08-07 17:44:36,323 INFO PERFORMANCE:|4|0|-1|-1

2020-08-07 17:49:36,325 INFO PERFORMANCE:|4|0|-1|-1

2020-08-07 17:54:36,326 INFO PERFORMANCE:|4|0|-1|-1

2020-08-07 17:59:36,328 INFO PERFORMANCE:|4|0|-1|-1

2020-08-07 18:04:36,328 INFO PERFORMANCE:|4|0|-1|-1

2020-08-07 18:09:36,330 INFO PERFORMANCE:|4|0|-1|-1

2020-08-07 18:14:36,332 INFO PERFORMANCE:|4|0|-1|-1

2020-08-07 18:19:36,334 INFO PERFORMANCE:|4|0|-1|-1

2020-08-07 18:24:36,335 INFO PERFORMANCE:|4|0|-1|-1

2020-08-07 18:29:36,336 INFO PERFORMANCE:|4|0|-1|-1

2020-08-07 18:34:36,338 INFO PERFORMANCE:|4|0|-1|-1

2020-08-07 18:39:36,338 INFO PERFORMANCE:|4|0|-1|-1

2020-08-07 18:44:36,340 INFO PERFORMANCE:|4|0|-1|-1

2020-08-07 18:49:36,341 INFO PERFORMANCE:|4|0|-1|-1

2020-08-07 18:54:36,344 INFO PERFORMANCE:|4|0|-1|-1

2020-08-07 18:59:36,345 INFO PERFORMANCE:|4|0|-1|-1

2020-08-07 19:04:36,345 INFO PERFORMANCE:|4|0|-1|-1

2020-08-07 19:09:36,345 INFO PERFORMANCE:|4|0|-1|-1

2020-08-07 19:14:36,346 INFO PERFORMANCE:|4|4|-1|-1

2020-08-07 19:19:36,348 INFO PERFORMANCE:|4|4|-1|-1

2020-08-07 19:24:36,350 INFO PERFORMANCE:|4|4|-1|-1

2020-08-07 19:29:36,351 INFO PERFORMANCE:|4|4|-1|-1

2020-08-07 19:34:36,353 INFO PERFORMANCE:|4|4|-1|-1

2020-08-07 19:39:36,355 INFO PERFORMANCE:|4|4|-1|-1

2020-08-07 19:44:36,357 INFO PERFORMANCE:|4|4|-1|-1

2020-08-07 19:49:36,357 INFO PERFORMANCE:|4|4|-1|-1

2020-08-07 19:54:36,358 INFO PERFORMANCE:|4|4|-1|-1

2020-08-07 19:59:36,359 INFO PERFORMANCE:|4|4|-1|-1

2020-08-07 20:04:36,361 INFO PERFORMANCE:|4|4|-1|-1

2020-08-07 20:09:36,362 INFO PERFORMANCE:|4|4|-1|-1

2020-08-07 20:14:36,363 INFO PERFORMANCE:|4|4|-1|-1

2020-08-07 20:19:36,365 INFO PERFORMANCE:|4|4|-1|-1

2020-08-07 20:24:36,366 INFO PERFORMANCE:|4|4|-1|-1

2020-08-07 20:29:36,367 INFO PERFORMANCE:|4|4|-1|-1

2020-08-07 20:34:36,369 INFO PERFORMANCE:|4|4|-1|-1

2020-08-07 20:39:36,371 INFO PERFORMANCE:|4|4|-1|-1

2020-08-07 20:44:36,371 INFO PERFORMANCE:|4|4|-1|-1

2020-08-07 20:49:36,373 INFO PERFORMANCE:|4|4|-1|-1

2020-08-07 20:54:36,373 INFO PERFORMANCE:|4|4|-1|-1

2020-08-07 20:59:36,375 INFO PERFORMANCE:|4|4|-1|-1

2020-08-07 21:04:36,375 INFO PERFORMANCE:|4|4|-1|-1

2020-08-07 21:09:36,377 INFO PERFORMANCE:|4|4|-1|-1

2020-08-07 21:14:36,378 INFO PERFORMANCE:|4|4|-1|-1

2020-08-07 21:19:36,380 INFO PERFORMANCE:|4|4|-1|-1

2020-08-07 21:24:36,382 INFO PERFORMANCE:|4|4|-1|-1

